<?xml version="1.0" encoding="UTF-8"?>
<!-- Generated by org.testng.reporters.JUnitReportReporter -->
<testsuite hostname="LAPTOP-OQKCFD7P" failures="0" tests="1" name="TestCases.TC04_HomePageAfterLogin" time="1.003" errors="0" timestamp="2024-07-06T12:05:47 GST" skipped="0">
  <testcase classname="TestCases.TC04_HomePageAfterLogin" name="Check_LogOut" time="1.003"/>
</testsuite> <!-- TestCases.TC04_HomePageAfterLogin -->
