<?xml version="1.0" encoding="UTF-8"?>
<!-- Generated by org.testng.reporters.JUnitReportReporter -->
<testsuite hostname="LAPTOP-OQKCFD7P" failures="0" tests="1" name="TestCases.TC01_Dashboard" time="1.274" errors="0" timestamp="2024-07-05T19:10:05 GST" skipped="0">
  <testcase classname="TestCases.TC01_Dashboard" name="Check_choosecategory" time="1.274"/>
</testsuite> <!-- TestCases.TC01_Dashboard -->
