<?xml version="1.0" encoding="UTF-8"?>
<!-- Generated by org.testng.reporters.JUnitReportReporter -->
<testsuite hostname="LAPTOP-OQKCFD7P" failures="0" tests="1" name="TestCases.TC02_Registeration" time="2.954" errors="0" timestamp="2024-07-05T19:10:05 GST" skipped="0">
  <testcase classname="TestCases.TC02_Registeration" name="Check_Regsiteration" time="2.954"/>
</testsuite> <!-- TestCases.TC02_Registeration -->
